10-04-2023 09:39:39 - records_work - INFO - csv_create - New record
10-04-2023 09:40:05 - records_work - INFO - record_to_add - New record
10-04-2023 09:40:22 - records_work - INFO - csv_create - New record
10-04-2023 09:40:25 - search - INFO - show_all - Search has done
10-04-2023 09:41:41 - records_work - INFO - edit_record - Records update
10-04-2023 09:41:56 - search - INFO - find_record - Search has done
10-04-2023 09:53:35 - records_work - INFO - csv_create - New record
10-04-2023 09:57:35 - records_work - INFO - csv_create - New record
10-04-2023 09:58:07 - records_work - INFO - record_to_add - New record
10-04-2023 09:58:23 - records_work - INFO - delete_record - Records update
10-04-2023 09:58:42 - records_work - INFO - record_to_add - New record
10-04-2023 09:59:13 - records_work - INFO - record_to_add - New record
10-04-2023 09:59:46 - records_work - INFO - edit_record - Records update
10-04-2023 10:01:13 - records_work - INFO - csv_create - New record
10-04-2023 10:01:22 - search - INFO - find_record - Search has done
10-04-2023 10:01:30 - search - INFO - find_record - Search has done
10-04-2023 10:15:44 - records_work - INFO - csv_create - New record
10-04-2023 10:15:57 - records_work - INFO - record_to_add - New record
10-04-2023 10:16:05 - search - INFO - find_record - Search has done
10-04-2023 10:22:38 - records_work - INFO - csv_create - New record
10-04-2023 10:22:55 - records_work - INFO - record_to_add - New record
10-04-2023 10:23:31 - records_work - INFO - csv_create - New record
10-04-2023 10:23:45 - records_work - INFO - record_to_add - New record
10-04-2023 10:24:01 - records_work - INFO - record_to_add - New record
10-04-2023 10:24:03 - search - INFO - show_all - Search has done
10-04-2023 10:24:31 - records_work - INFO - edit_record - Records update
10-04-2023 10:24:38 - search - INFO - find_record - Search has done
10-04-2023 10:27:52 - records_work - INFO - csv_create - New record
10-04-2023 10:28:04 - search - INFO - find_record - Search has done
10-04-2023 10:33:27 - records_work - INFO - csv_create - New record
10-04-2023 10:33:41 - search - INFO - find_record - Search has done
10-04-2023 10:34:07 - search - INFO - find_record - Search has done
10-04-2023 10:38:39 - records_work - INFO - csv_create - New record
10-04-2023 10:38:53 - search - INFO - find_record - Search has done
10-04-2023 10:41:37 - records_work - INFO - csv_create - New record
10-04-2023 10:41:44 - search - INFO - find_record - Search has done
10-04-2023 10:57:53 - records_work - INFO - csv_create - New record
10-04-2023 10:59:05 - records_work - INFO - csv_create - New record
10-04-2023 10:59:15 - search - INFO - find_record - Search has done
10-04-2023 10:59:30 - search - INFO - find_record - Search has done
10-04-2023 10:59:44 - search - INFO - find_record - Search has done
10-04-2023 10:59:50 - base_menu - WARNING - main_menu - Wrong item selected
10-04-2023 10:59:58 - search - INFO - find_record - Search has done
10-04-2023 11:01:06 - records_work - INFO - csv_create - New record
10-04-2023 11:01:13 - search - INFO - find_record - Search has done
10-04-2023 11:03:55 - records_work - INFO - csv_create - New record
10-04-2023 11:04:30 - records_work - INFO - edit_record - Records update
10-04-2023 11:04:36 - search - INFO - find_record - Search has done
10-04-2023 11:10:14 - records_work - INFO - csv_create - New record
10-04-2023 11:10:44 - search - INFO - find_record - Search has done
10-04-2023 11:10:54 - search - INFO - find_record - Search has done
10-04-2023 11:13:04 - records_work - INFO - csv_create - New record
10-04-2023 11:13:23 - search - INFO - find_record - Search has done
10-04-2023 11:13:28 - search - INFO - show_all - Search has done
